[ 2017-06-22T09:25:51+08:00 ] 192.168.0.108 /project/app/v1/home/user/login?mobile=17701804871
INFO: [ app_init ] --START--
INFO: Run Behavior\BuildLiteBehavior [ RunTime:0.000000s ]
INFO: [ app_init ] --END-- [ RunTime:0.000000s ]
INFO: [ app_begin ] --START--
INFO: Run Behavior\ReadHtmlCacheBehavior [ RunTime:0.001000s ]
INFO: [ app_begin ] --END-- [ RunTime:0.001000s ]

[ 2017-06-22T09:31:47+08:00 ] 192.168.0.108 /project/app/v1/home/user/login?mobile=17701804871
INFO: [ app_init ] --START--
INFO: Run Behavior\BuildLiteBehavior [ RunTime:0.000000s ]
INFO: [ app_init ] --END-- [ RunTime:0.000000s ]
INFO: [ app_begin ] --START--
INFO: Run Behavior\ReadHtmlCacheBehavior [ RunTime:0.001000s ]
INFO: [ app_begin ] --END-- [ RunTime:0.001000s ]
ERR: 参数错误或者未定义:passwd

[ 2017-06-22T09:32:21+08:00 ] 192.168.0.108 /project/app/v1/home/user/login?mobile=17701804871&passwd=123456
INFO: [ app_init ] --START--
INFO: Run Behavior\BuildLiteBehavior [ RunTime:0.000000s ]
INFO: [ app_init ] --END-- [ RunTime:0.000000s ]
INFO: [ app_begin ] --START--
INFO: Run Behavior\ReadHtmlCacheBehavior [ RunTime:0.001000s ]
INFO: [ app_begin ] --END-- [ RunTime:0.001000s ]
NOTIC: [8192] mysql_connect(): The mysql extension is deprecated and will be removed in the future: use mysqli or PDO instead C:\wamp\www\project\app\v1\ThinkPHP\Library\Think\Db\Driver\Mysql.class.php 第 52 行.
SQL: SHOW COLUMNS FROM `user` [ RunTime:0.003000s ]
ERR: 错误的查询条件:[mobile=>17701804871]

[ 2017-06-22T09:33:04+08:00 ] 192.168.0.108 /project/app/v1/home/user/login?mobile=17701804871&passwd=123456
INFO: [ app_init ] --START--
INFO: Run Behavior\BuildLiteBehavior [ RunTime:0.000000s ]
INFO: [ app_init ] --END-- [ RunTime:0.001000s ]
INFO: [ app_begin ] --START--
INFO: Run Behavior\ReadHtmlCacheBehavior [ RunTime:0.001000s ]
INFO: [ app_begin ] --END-- [ RunTime:0.001000s ]
NOTIC: [8192] mysql_connect(): The mysql extension is deprecated and will be removed in the future: use mysqli or PDO instead C:\wamp\www\project\app\v1\ThinkPHP\Library\Think\Db\Driver\Mysql.class.php 第 52 行.
SQL: SHOW COLUMNS FROM `user` [ RunTime:0.003000s ]
ERR: 错误的查询条件:[mobile=>17701804871]

[ 2017-06-22T09:33:49+08:00 ] 192.168.0.108 /project/app/v1/home/user/login?mobile=17701804871&passwd=123456
INFO: [ app_init ] --START--
INFO: Run Behavior\BuildLiteBehavior [ RunTime:0.000000s ]
INFO: [ app_init ] --END-- [ RunTime:0.001000s ]
INFO: [ app_begin ] --START--
INFO: Run Behavior\ReadHtmlCacheBehavior [ RunTime:0.001000s ]
INFO: [ app_begin ] --END-- [ RunTime:0.001000s ]
NOTIC: [8192] mysql_connect(): The mysql extension is deprecated and will be removed in the future: use mysqli or PDO instead C:\wamp\www\project\app\v1\ThinkPHP\Library\Think\Db\Driver\Mysql.class.php 第 52 行.
SQL: SHOW COLUMNS FROM `user` [ RunTime:0.003000s ]
SQL: SELECT `user_id`,`account`,`nick`,`img`,`email`,`sex` FROM `user` WHERE `account` = '17701804871' LIMIT 1   [ RunTime:0.000000s ]
NOTIC: [8] Undefined index: temp_buyers_password C:\wamp\www\project\app\v1\Application\Home\Controller\UserController.class.php 第 140 行.

[ 2017-06-22T09:34:24+08:00 ] 192.168.0.108 /project/app/v1/home/user/login?mobile=17701804871&passwd=123456
INFO: [ app_init ] --START--
INFO: Run Behavior\BuildLiteBehavior [ RunTime:0.001000s ]
INFO: [ app_init ] --END-- [ RunTime:0.001000s ]
INFO: [ app_begin ] --START--
INFO: Run Behavior\ReadHtmlCacheBehavior [ RunTime:0.001000s ]
INFO: [ app_begin ] --END-- [ RunTime:0.001000s ]
NOTIC: [8192] mysql_connect(): The mysql extension is deprecated and will be removed in the future: use mysqli or PDO instead C:\wamp\www\project\app\v1\ThinkPHP\Library\Think\Db\Driver\Mysql.class.php 第 52 行.
SQL: SHOW COLUMNS FROM `user` [ RunTime:0.003000s ]
SQL: SELECT `user_id`,`account`,`nick`,`img`,`email`,`sex` FROM `user` WHERE `account` = '17701804871' LIMIT 1   [ RunTime:0.000000s ]

[ 2017-06-22T09:35:30+08:00 ] 192.168.0.108 /project/app/v1/home/user/login?mobile=17701804871&passwd=123456
INFO: [ app_init ] --START--
INFO: Run Behavior\BuildLiteBehavior [ RunTime:0.000000s ]
INFO: [ app_init ] --END-- [ RunTime:0.000000s ]
INFO: [ app_begin ] --START--
INFO: Run Behavior\ReadHtmlCacheBehavior [ RunTime:0.001000s ]
INFO: [ app_begin ] --END-- [ RunTime:0.001000s ]

[ 2017-06-22T09:36:05+08:00 ] 192.168.0.108 /project/app/v1/home/user/login?mobile=17701804871&passwd=123456
INFO: [ app_init ] --START--
INFO: Run Behavior\BuildLiteBehavior [ RunTime:0.000000s ]
INFO: [ app_init ] --END-- [ RunTime:0.001000s ]
INFO: [ app_begin ] --START--
INFO: Run Behavior\ReadHtmlCacheBehavior [ RunTime:0.001000s ]
INFO: [ app_begin ] --END-- [ RunTime:0.001000s ]
NOTIC: [8192] mysql_connect(): The mysql extension is deprecated and will be removed in the future: use mysqli or PDO instead C:\wamp\www\project\app\v1\ThinkPHP\Library\Think\Db\Driver\Mysql.class.php 第 52 行.
SQL: SHOW COLUMNS FROM `user` [ RunTime:0.003000s ]
SQL: SELECT `user_id`,`account`,`nick`,`img`,`email`,`sex` FROM `user` WHERE `account` = '17701804871' LIMIT 1   [ RunTime:0.000000s ]

[ 2017-06-22T09:36:24+08:00 ] 192.168.0.108 /project/app/v1/home/user/login?mobile=17701804871&passwd=123456
INFO: [ app_init ] --START--
INFO: Run Behavior\BuildLiteBehavior [ RunTime:0.000000s ]
INFO: [ app_init ] --END-- [ RunTime:0.001000s ]
INFO: [ app_begin ] --START--
INFO: Run Behavior\ReadHtmlCacheBehavior [ RunTime:0.001000s ]
INFO: [ app_begin ] --END-- [ RunTime:0.001000s ]
NOTIC: [8192] mysql_connect(): The mysql extension is deprecated and will be removed in the future: use mysqli or PDO instead C:\wamp\www\project\app\v1\ThinkPHP\Library\Think\Db\Driver\Mysql.class.php 第 52 行.
SQL: SHOW COLUMNS FROM `user` [ RunTime:0.003000s ]
SQL: SELECT `user_id`,`account`,`nick`,`img`,`email`,`sex` FROM `user` WHERE `account` = '17701804871' LIMIT 1   [ RunTime:0.001000s ]

[ 2017-06-22T09:42:50+08:00 ] 192.168.0.108 /project/app/v1/home/user/login?mobile=17701804871&passwd=123456
INFO: [ app_init ] --START--
INFO: Run Behavior\BuildLiteBehavior [ RunTime:0.000000s ]
INFO: [ app_init ] --END-- [ RunTime:0.000000s ]
INFO: [ app_begin ] --START--
INFO: Run Behavior\ReadHtmlCacheBehavior [ RunTime:0.000000s ]
INFO: [ app_begin ] --END-- [ RunTime:0.000000s ]
NOTIC: [8192] mysql_connect(): The mysql extension is deprecated and will be removed in the future: use mysqli or PDO instead C:\wamp\www\project\app\v1\ThinkPHP\Library\Think\Db\Driver\Mysql.class.php 第 52 行.
SQL: SHOW COLUMNS FROM `user` [ RunTime:0.004000s ]
SQL: SELECT `user_id`,`account`,`nick`,`img`,`email`,`sex` FROM `user` WHERE `account` = '17701804871' LIMIT 1   [ RunTime:0.001000s ]

[ 2017-06-22T09:42:51+08:00 ] 192.168.0.108 /project/app/v1/home/user/login?mobile=17701804871&passwd=123456
INFO: [ app_init ] --START--
INFO: Run Behavior\BuildLiteBehavior [ RunTime:0.000000s ]
INFO: [ app_init ] --END-- [ RunTime:0.000000s ]
INFO: [ app_begin ] --START--
INFO: Run Behavior\ReadHtmlCacheBehavior [ RunTime:0.000000s ]
INFO: [ app_begin ] --END-- [ RunTime:0.000000s ]
NOTIC: [8192] mysql_connect(): The mysql extension is deprecated and will be removed in the future: use mysqli or PDO instead C:\wamp\www\project\app\v1\ThinkPHP\Library\Think\Db\Driver\Mysql.class.php 第 52 行.
SQL: SHOW COLUMNS FROM `user` [ RunTime:0.003000s ]
SQL: SELECT `user_id`,`account`,`nick`,`img`,`email`,`sex` FROM `user` WHERE `account` = '17701804871' LIMIT 1   [ RunTime:0.000000s ]

[ 2017-06-22T09:43:15+08:00 ] 192.168.0.108 /project/app/v1/home/user/login?mobile=17701804871&passwd=123456
INFO: [ app_init ] --START--
INFO: Run Behavior\BuildLiteBehavior [ RunTime:0.000000s ]
INFO: [ app_init ] --END-- [ RunTime:0.000000s ]
INFO: [ app_begin ] --START--
INFO: Run Behavior\ReadHtmlCacheBehavior [ RunTime:0.000000s ]
INFO: [ app_begin ] --END-- [ RunTime:0.000000s ]
NOTIC: [8192] mysql_connect(): The mysql extension is deprecated and will be removed in the future: use mysqli or PDO instead C:\wamp\www\project\app\v1\ThinkPHP\Library\Think\Db\Driver\Mysql.class.php 第 52 行.
SQL: SHOW COLUMNS FROM `user` [ RunTime:0.003000s ]
SQL: SELECT `user_id`,`account`,`nick`,`img`,`email`,`sex` FROM `user` WHERE `account` = '17701804871' LIMIT 1   [ RunTime:0.001000s ]

[ 2017-06-22T09:43:16+08:00 ] 192.168.0.108 /project/app/v1/home/user/login?mobile=17701804871&passwd=123456
INFO: [ app_init ] --START--
INFO: Run Behavior\BuildLiteBehavior [ RunTime:0.000000s ]
INFO: [ app_init ] --END-- [ RunTime:0.000000s ]
INFO: [ app_begin ] --START--
INFO: Run Behavior\ReadHtmlCacheBehavior [ RunTime:0.001000s ]
INFO: [ app_begin ] --END-- [ RunTime:0.001000s ]
NOTIC: [8192] mysql_connect(): The mysql extension is deprecated and will be removed in the future: use mysqli or PDO instead C:\wamp\www\project\app\v1\ThinkPHP\Library\Think\Db\Driver\Mysql.class.php 第 52 行.
SQL: SHOW COLUMNS FROM `user` [ RunTime:0.002000s ]
SQL: SELECT `user_id`,`account`,`nick`,`img`,`email`,`sex` FROM `user` WHERE `account` = '17701804871' LIMIT 1   [ RunTime:0.000000s ]

[ 2017-06-22T09:43:24+08:00 ] 192.168.0.108 /project/app/v1/home/user/login?mobile=17701804871&passwd=123456
INFO: [ app_init ] --START--
INFO: Run Behavior\BuildLiteBehavior [ RunTime:0.000000s ]
INFO: [ app_init ] --END-- [ RunTime:0.000000s ]
INFO: [ app_begin ] --START--
INFO: Run Behavior\ReadHtmlCacheBehavior [ RunTime:0.000000s ]
INFO: [ app_begin ] --END-- [ RunTime:0.000000s ]
NOTIC: [8192] mysql_connect(): The mysql extension is deprecated and will be removed in the future: use mysqli or PDO instead C:\wamp\www\project\app\v1\ThinkPHP\Library\Think\Db\Driver\Mysql.class.php 第 52 行.
SQL: SHOW COLUMNS FROM `user` [ RunTime:0.003000s ]
SQL: SELECT `user_id`,`account`,`nick`,`img`,`email`,`sex` FROM `user` WHERE `account` = '17701804871' LIMIT 1   [ RunTime:0.000000s ]

[ 2017-06-22T09:43:25+08:00 ] 192.168.0.108 /project/app/v1/home/user/login?mobile=17701804871&passwd=123456
INFO: [ app_init ] --START--
INFO: Run Behavior\BuildLiteBehavior [ RunTime:0.000000s ]
INFO: [ app_init ] --END-- [ RunTime:0.001000s ]
INFO: [ app_begin ] --START--
INFO: Run Behavior\ReadHtmlCacheBehavior [ RunTime:0.000000s ]
INFO: [ app_begin ] --END-- [ RunTime:0.000000s ]
NOTIC: [8192] mysql_connect(): The mysql extension is deprecated and will be removed in the future: use mysqli or PDO instead C:\wamp\www\project\app\v1\ThinkPHP\Library\Think\Db\Driver\Mysql.class.php 第 52 行.
SQL: SHOW COLUMNS FROM `user` [ RunTime:0.003000s ]
SQL: SELECT `user_id`,`account`,`nick`,`img`,`email`,`sex` FROM `user` WHERE `account` = '17701804871' LIMIT 1   [ RunTime:0.001000s ]

[ 2017-06-22T09:43:25+08:00 ] 192.168.0.108 /project/app/v1/home/user/login?mobile=17701804871&passwd=123456
INFO: [ app_init ] --START--
INFO: Run Behavior\BuildLiteBehavior [ RunTime:0.000000s ]
INFO: [ app_init ] --END-- [ RunTime:0.000000s ]
INFO: [ app_begin ] --START--
INFO: Run Behavior\ReadHtmlCacheBehavior [ RunTime:0.001000s ]
INFO: [ app_begin ] --END-- [ RunTime:0.001000s ]
NOTIC: [8192] mysql_connect(): The mysql extension is deprecated and will be removed in the future: use mysqli or PDO instead C:\wamp\www\project\app\v1\ThinkPHP\Library\Think\Db\Driver\Mysql.class.php 第 52 行.
SQL: SHOW COLUMNS FROM `user` [ RunTime:0.002000s ]
SQL: SELECT `user_id`,`account`,`nick`,`img`,`email`,`sex` FROM `user` WHERE `account` = '17701804871' LIMIT 1   [ RunTime:0.000000s ]

[ 2017-06-22T09:43:29+08:00 ] 192.168.0.108 /project/app/v1/home/user/login?mobile=17701804871&passwd=123456
INFO: [ app_init ] --START--
INFO: Run Behavior\BuildLiteBehavior [ RunTime:0.000000s ]
INFO: [ app_init ] --END-- [ RunTime:0.001000s ]
INFO: [ app_begin ] --START--
INFO: Run Behavior\ReadHtmlCacheBehavior [ RunTime:0.001000s ]
INFO: [ app_begin ] --END-- [ RunTime:0.001000s ]
NOTIC: [8192] mysql_connect(): The mysql extension is deprecated and will be removed in the future: use mysqli or PDO instead C:\wamp\www\project\app\v1\ThinkPHP\Library\Think\Db\Driver\Mysql.class.php 第 52 行.
SQL: SHOW COLUMNS FROM `user` [ RunTime:0.002000s ]
SQL: SELECT `user_id`,`account`,`nick`,`img`,`email`,`sex` FROM `user` WHERE `account` = '17701804871' LIMIT 1   [ RunTime:0.001000s ]

[ 2017-06-22T09:44:58+08:00 ] 192.168.0.108 /project/app/v1/home/user/login?mobile=17701804871&passwd=123456
INFO: [ app_init ] --START--
INFO: Run Behavior\BuildLiteBehavior [ RunTime:0.000000s ]
INFO: [ app_init ] --END-- [ RunTime:0.001000s ]
INFO: [ app_begin ] --START--
INFO: Run Behavior\ReadHtmlCacheBehavior [ RunTime:0.001000s ]
INFO: [ app_begin ] --END-- [ RunTime:0.001000s ]
NOTIC: [8192] mysql_connect(): The mysql extension is deprecated and will be removed in the future: use mysqli or PDO instead C:\wamp\www\project\app\v1\ThinkPHP\Library\Think\Db\Driver\Mysql.class.php 第 52 行.
SQL: SHOW COLUMNS FROM `user` [ RunTime:0.003000s ]
SQL: SELECT `user_id`,`account`,`nick`,`img`,`email`,`sex` FROM `user` WHERE `account` = '17701804871' LIMIT 1   [ RunTime:0.001000s ]

[ 2017-06-22T09:45:22+08:00 ] 192.168.0.108 /project/app/v1/home/user/login?mobile=17701804871&passwd=123456
INFO: [ app_init ] --START--
INFO: Run Behavior\BuildLiteBehavior [ RunTime:0.000000s ]
INFO: [ app_init ] --END-- [ RunTime:0.001000s ]
INFO: [ app_begin ] --START--
INFO: Run Behavior\ReadHtmlCacheBehavior [ RunTime:0.001000s ]
INFO: [ app_begin ] --END-- [ RunTime:0.002000s ]
NOTIC: [8192] mysql_connect(): The mysql extension is deprecated and will be removed in the future: use mysqli or PDO instead C:\wamp\www\project\app\v1\ThinkPHP\Library\Think\Db\Driver\Mysql.class.php 第 52 行.
SQL: SHOW COLUMNS FROM `user` [ RunTime:0.003000s ]
SQL: SELECT `user_id`,`account`,`nick`,`img`,`email`,`sex` FROM `user` WHERE `account` = '17701804871' LIMIT 1   [ RunTime:0.001000s ]

[ 2017-06-22T09:49:46+08:00 ] 192.168.0.108 /project/app/v1/home/user/login?mobile=17701804871&passwd=123456
INFO: [ app_init ] --START--
INFO: Run Behavior\BuildLiteBehavior [ RunTime:0.000000s ]
INFO: [ app_init ] --END-- [ RunTime:0.001000s ]
INFO: [ app_begin ] --START--
INFO: Run Behavior\ReadHtmlCacheBehavior [ RunTime:0.000000s ]
INFO: [ app_begin ] --END-- [ RunTime:0.001000s ]
NOTIC: [8192] mysql_connect(): The mysql extension is deprecated and will be removed in the future: use mysqli or PDO instead C:\wamp\www\project\app\v1\ThinkPHP\Library\Think\Db\Driver\Mysql.class.php 第 52 行.
SQL: SHOW COLUMNS FROM `user` [ RunTime:0.003000s ]
SQL: SELECT `user_id`,`is_check`,`account`,`nick`,`img`,`email`,`sex` FROM `user` WHERE `account` = '17701804871' LIMIT 1   [ RunTime:0.000000s ]
NOTIC: [8] Undefined index: passwd C:\wamp\www\project\app\v1\Application\Home\Controller\UserController.class.php 第 137 行.

[ 2017-06-22T09:50:30+08:00 ] 192.168.0.108 /project/app/v1/home/user/login?mobile=17701804871&passwd=123456
INFO: [ app_init ] --START--
INFO: Run Behavior\BuildLiteBehavior [ RunTime:0.000000s ]
INFO: [ app_init ] --END-- [ RunTime:0.001000s ]
INFO: [ app_begin ] --START--
INFO: Run Behavior\ReadHtmlCacheBehavior [ RunTime:0.001000s ]
INFO: [ app_begin ] --END-- [ RunTime:0.001000s ]
NOTIC: [8192] mysql_connect(): The mysql extension is deprecated and will be removed in the future: use mysqli or PDO instead C:\wamp\www\project\app\v1\ThinkPHP\Library\Think\Db\Driver\Mysql.class.php 第 52 行.
SQL: SHOW COLUMNS FROM `user` [ RunTime:0.003000s ]
SQL: SELECT `user_id`,`is_check`,`account`,`nick`,`img`,`email`,`sex` FROM `user` WHERE `account` = '17701804871' LIMIT 1   [ RunTime:0.001000s ]
NOTIC: [8] Undefined index: passwd C:\wamp\www\project\app\v1\Application\Home\Controller\UserController.class.php 第 137 行.

[ 2017-06-22T09:51:15+08:00 ] 192.168.0.108 /project/app/v1/home/user/login?mobile=17701804871&passwd=123456
INFO: [ app_init ] --START--
INFO: Run Behavior\BuildLiteBehavior [ RunTime:0.000000s ]
INFO: [ app_init ] --END-- [ RunTime:0.000000s ]
INFO: [ app_begin ] --START--
INFO: Run Behavior\ReadHtmlCacheBehavior [ RunTime:0.000000s ]
INFO: [ app_begin ] --END-- [ RunTime:0.000000s ]
NOTIC: [8192] mysql_connect(): The mysql extension is deprecated and will be removed in the future: use mysqli or PDO instead C:\wamp\www\project\app\v1\ThinkPHP\Library\Think\Db\Driver\Mysql.class.php 第 52 行.
SQL: SHOW COLUMNS FROM `user` [ RunTime:0.003000s ]
SQL: SELECT `user_id`,`is_check`,`account`,`nick`,`img`,`email`,`sex` FROM `user` WHERE `account` = '17701804871' LIMIT 1   [ RunTime:0.001000s ]
NOTIC: [8] Undefined index: passwd C:\wamp\www\project\app\v1\Application\Home\Controller\UserController.class.php 第 137 行.

[ 2017-06-22T09:51:59+08:00 ] 192.168.0.108 /project/app/v1/home/user/login?mobile=17701804871&passwd=123456
INFO: [ app_init ] --START--
INFO: Run Behavior\BuildLiteBehavior [ RunTime:0.000000s ]
INFO: [ app_init ] --END-- [ RunTime:0.000000s ]
INFO: [ app_begin ] --START--
INFO: Run Behavior\ReadHtmlCacheBehavior [ RunTime:0.001000s ]
INFO: [ app_begin ] --END-- [ RunTime:0.001000s ]
NOTIC: [8192] mysql_connect(): The mysql extension is deprecated and will be removed in the future: use mysqli or PDO instead C:\wamp\www\project\app\v1\ThinkPHP\Library\Think\Db\Driver\Mysql.class.php 第 52 行.
SQL: SHOW COLUMNS FROM `user` [ RunTime:0.003000s ]
SQL: SELECT `user_id`,`is_check`,`account`,`nick`,`img`,`email`,`sex` FROM `user` WHERE `account` = '17701804871' LIMIT 1   [ RunTime:0.000000s ]
NOTIC: [8] Undefined index: passwd C:\wamp\www\project\app\v1\Application\Home\Controller\UserController.class.php 第 138 行.

[ 2017-06-22T09:52:59+08:00 ] 192.168.0.108 /project/app/v1/home/user/login?mobile=17701804871&passwd=123456
INFO: [ app_init ] --START--
INFO: Run Behavior\BuildLiteBehavior [ RunTime:0.000000s ]
INFO: [ app_init ] --END-- [ RunTime:0.000000s ]
INFO: [ app_begin ] --START--
INFO: Run Behavior\ReadHtmlCacheBehavior [ RunTime:0.000000s ]
INFO: [ app_begin ] --END-- [ RunTime:0.000000s ]
NOTIC: [8192] mysql_connect(): The mysql extension is deprecated and will be removed in the future: use mysqli or PDO instead C:\wamp\www\project\app\v1\ThinkPHP\Library\Think\Db\Driver\Mysql.class.php 第 52 行.
SQL: SHOW COLUMNS FROM `user` [ RunTime:0.003000s ]
SQL: SELECT `user_id`,`is_check`,`account`,`nick`,`img`,`email`,sex.',passwd' FROM `user` WHERE `account` = '17701804871' LIMIT 1   [ RunTime:0.000000s ]
ERR: 1064:You have an error in your SQL syntax; check the manual that corresponds to your MySQL server version for the right syntax to use near '',passwd' FROM `user` WHERE `account` = '17701804871' LIMIT 1' at line 1
 [ SQL语句 ] : SELECT `user_id`,`is_check`,`account`,`nick`,`img`,`email`,sex.',passwd' FROM `user` WHERE `account` = '17701804871' LIMIT 1  

[ 2017-06-22T09:53:27+08:00 ] 192.168.0.108 /project/app/v1/home/user/login?mobile=17701804871&passwd=123456
INFO: [ app_init ] --START--
INFO: Run Behavior\BuildLiteBehavior [ RunTime:0.000000s ]
INFO: [ app_init ] --END-- [ RunTime:0.001000s ]
INFO: [ app_begin ] --START--
INFO: Run Behavior\ReadHtmlCacheBehavior [ RunTime:0.000000s ]
INFO: [ app_begin ] --END-- [ RunTime:0.000000s ]
NOTIC: [8192] mysql_connect(): The mysql extension is deprecated and will be removed in the future: use mysqli or PDO instead C:\wamp\www\project\app\v1\ThinkPHP\Library\Think\Db\Driver\Mysql.class.php 第 52 行.
SQL: SHOW COLUMNS FROM `user` [ RunTime:0.003000s ]
SQL: SELECT `user_id`,`is_check`,`account`,`nick`,`img`,`email`,sex.',passwd' FROM `user` WHERE `account` = '17701804871' LIMIT 1   [ RunTime:0.001000s ]
ERR: 1064:You have an error in your SQL syntax; check the manual that corresponds to your MySQL server version for the right syntax to use near '',passwd' FROM `user` WHERE `account` = '17701804871' LIMIT 1' at line 1
 [ SQL语句 ] : SELECT `user_id`,`is_check`,`account`,`nick`,`img`,`email`,sex.',passwd' FROM `user` WHERE `account` = '17701804871' LIMIT 1  

[ 2017-06-22T09:53:40+08:00 ] 192.168.0.108 /project/app/v1/home/user/login?mobile=17701804871&passwd=123456
INFO: [ app_init ] --START--
INFO: Run Behavior\BuildLiteBehavior [ RunTime:0.000000s ]
INFO: [ app_init ] --END-- [ RunTime:0.001000s ]
INFO: [ app_begin ] --START--
INFO: Run Behavior\ReadHtmlCacheBehavior [ RunTime:0.000000s ]
INFO: [ app_begin ] --END-- [ RunTime:0.001000s ]
NOTIC: [8192] mysql_connect(): The mysql extension is deprecated and will be removed in the future: use mysqli or PDO instead C:\wamp\www\project\app\v1\ThinkPHP\Library\Think\Db\Driver\Mysql.class.php 第 52 行.
SQL: SHOW COLUMNS FROM `user` [ RunTime:0.003000s ]
SQL: SELECT `user_id`,`is_check`,`account`,`nick`,`img`,`email`,sex',passwd' FROM `user` WHERE `account` = '17701804871' LIMIT 1   [ RunTime:0.001000s ]
NOTIC: [8] Undefined index: passwd C:\wamp\www\project\app\v1\Application\Home\Controller\UserController.class.php 第 139 行.

[ 2017-06-22T09:54:56+08:00 ] 192.168.0.108 /project/app/v1/home/user/login?mobile=17701804871&passwd=123456
INFO: [ app_init ] --START--
INFO: Run Behavior\BuildLiteBehavior [ RunTime:0.000000s ]
INFO: [ app_init ] --END-- [ RunTime:0.000000s ]
INFO: [ app_begin ] --START--
INFO: Run Behavior\ReadHtmlCacheBehavior [ RunTime:0.001000s ]
INFO: [ app_begin ] --END-- [ RunTime:0.001000s ]
NOTIC: [8192] mysql_connect(): The mysql extension is deprecated and will be removed in the future: use mysqli or PDO instead C:\wamp\www\project\app\v1\ThinkPHP\Library\Think\Db\Driver\Mysql.class.php 第 52 行.
SQL: SHOW COLUMNS FROM `user` [ RunTime:0.003000s ]
SQL: SELECT ,passwd FROM `user` WHERE `account` = '17701804871' LIMIT 1   [ RunTime:0.001000s ]
ERR: 1064:You have an error in your SQL syntax; check the manual that corresponds to your MySQL server version for the right syntax to use near 'passwd FROM `user` WHERE `account` = '17701804871' LIMIT 1' at line 1
 [ SQL语句 ] : SELECT ,passwd FROM `user` WHERE `account` = '17701804871' LIMIT 1  

[ 2017-06-22T09:55:34+08:00 ] 192.168.0.108 /project/app/v1/home/user/login?mobile=17701804871&passwd=123456
INFO: [ app_init ] --START--
INFO: Run Behavior\BuildLiteBehavior [ RunTime:0.000000s ]
INFO: [ app_init ] --END-- [ RunTime:0.000000s ]
INFO: [ app_begin ] --START--
INFO: Run Behavior\ReadHtmlCacheBehavior [ RunTime:0.000000s ]
INFO: [ app_begin ] --END-- [ RunTime:0.000000s ]
NOTIC: [8192] mysql_connect(): The mysql extension is deprecated and will be removed in the future: use mysqli or PDO instead C:\wamp\www\project\app\v1\ThinkPHP\Library\Think\Db\Driver\Mysql.class.php 第 52 行.
SQL: SHOW COLUMNS FROM `user` [ RunTime:0.003000s ]
SQL: SELECT ,passwd FROM `user` WHERE `account` = '17701804871' LIMIT 1   [ RunTime:0.000000s ]
ERR: 1064:You have an error in your SQL syntax; check the manual that corresponds to your MySQL server version for the right syntax to use near 'passwd FROM `user` WHERE `account` = '17701804871' LIMIT 1' at line 1
 [ SQL语句 ] : SELECT ,passwd FROM `user` WHERE `account` = '17701804871' LIMIT 1  

[ 2017-06-22T09:56:03+08:00 ] 192.168.0.108 /project/app/v1/home/user/login?mobile=17701804871&passwd=123456
INFO: [ app_init ] --START--
INFO: Run Behavior\BuildLiteBehavior [ RunTime:0.000000s ]
INFO: [ app_init ] --END-- [ RunTime:0.000000s ]
INFO: [ app_begin ] --START--
INFO: Run Behavior\ReadHtmlCacheBehavior [ RunTime:0.000000s ]
INFO: [ app_begin ] --END-- [ RunTime:0.001000s ]
NOTIC: [8192] mysql_connect(): The mysql extension is deprecated and will be removed in the future: use mysqli or PDO instead C:\wamp\www\project\app\v1\ThinkPHP\Library\Think\Db\Driver\Mysql.class.php 第 52 行.
SQL: SHOW COLUMNS FROM `user` [ RunTime:0.003000s ]
SQL: SELECT `user_id`,`is_check`,`account`,`nick`,`img`,`email`,`sex`,`passwd` FROM `user` WHERE `account` = '17701804871' LIMIT 1   [ RunTime:0.001000s ]

[ 2017-06-22T09:56:25+08:00 ] 192.168.0.108 /project/app/v1/home/user/login?mobile=17701804871&passwd=123456
INFO: [ app_init ] --START--
INFO: Run Behavior\BuildLiteBehavior [ RunTime:0.000000s ]
INFO: [ app_init ] --END-- [ RunTime:0.000000s ]
INFO: [ app_begin ] --START--
INFO: Run Behavior\ReadHtmlCacheBehavior [ RunTime:0.001000s ]
INFO: [ app_begin ] --END-- [ RunTime:0.001000s ]
NOTIC: [8192] mysql_connect(): The mysql extension is deprecated and will be removed in the future: use mysqli or PDO instead C:\wamp\www\project\app\v1\ThinkPHP\Library\Think\Db\Driver\Mysql.class.php 第 52 行.
SQL: SHOW COLUMNS FROM `user` [ RunTime:0.003000s ]
SQL: SELECT `user_id`,`is_check`,`account`,`nick`,`img`,`email`,`sex`,`passwd` FROM `user` WHERE `account` = '17701804871' LIMIT 1   [ RunTime:0.001000s ]

[ 2017-06-22T09:56:51+08:00 ] 192.168.0.108 /project/app/v1/home/user/login?mobile=17701804871&passwd=123456
INFO: [ app_init ] --START--
INFO: Run Behavior\BuildLiteBehavior [ RunTime:0.000000s ]
INFO: [ app_init ] --END-- [ RunTime:0.001000s ]
INFO: [ app_begin ] --START--
INFO: Run Behavior\ReadHtmlCacheBehavior [ RunTime:0.000000s ]
INFO: [ app_begin ] --END-- [ RunTime:0.000000s ]
NOTIC: [8192] mysql_connect(): The mysql extension is deprecated and will be removed in the future: use mysqli or PDO instead C:\wamp\www\project\app\v1\ThinkPHP\Library\Think\Db\Driver\Mysql.class.php 第 52 行.
SQL: SHOW COLUMNS FROM `user` [ RunTime:0.003000s ]
SQL: SELECT `user_id`,`is_check`,`account`,`nick`,`img`,`email`,`sex`,`passwd` FROM `user` WHERE `account` = '17701804871' LIMIT 1   [ RunTime:0.000000s ]
SQL: SHOW COLUMNS FROM `user_online` [ RunTime:0.002000s ]
SQL: SELECT COUNT(*) AS tp_count FROM `user_online` WHERE `user_id` = 1 LIMIT 1   [ RunTime:0.000000s ]

[ 2017-06-22T10:01:42+08:00 ] 192.168.0.108 /project/app/v1/home/user/login?mobile=17701804871&passwd=123456
INFO: [ app_init ] --START--
INFO: Run Behavior\BuildLiteBehavior [ RunTime:0.000000s ]
INFO: [ app_init ] --END-- [ RunTime:0.000000s ]
INFO: [ app_begin ] --START--
INFO: Run Behavior\ReadHtmlCacheBehavior [ RunTime:0.000000s ]
INFO: [ app_begin ] --END-- [ RunTime:0.000000s ]
NOTIC: [8192] mysql_connect(): The mysql extension is deprecated and will be removed in the future: use mysqli or PDO instead C:\wamp\www\project\app\v1\ThinkPHP\Library\Think\Db\Driver\Mysql.class.php 第 52 行.
SQL: SHOW COLUMNS FROM `user` [ RunTime:0.003000s ]
SQL: SELECT `user_id`,`is_check`,`account`,`nick`,`img`,`email`,`sex`,`passwd` FROM `user` WHERE `account` = '17701804871' LIMIT 1   [ RunTime:0.001000s ]
SQL: SHOW COLUMNS FROM `user_online` [ RunTime:0.003000s ]
SQL: SELECT COUNT(*) AS tp_count FROM `user_online` WHERE `user_id` = 1 LIMIT 1   [ RunTime:0.000000s ]
NOTIC: [8] Undefined index: addr C:\wamp\www\project\app\v1\Application\Home\Controller\UserController.class.php 第 166 行.
SQL: INSERT INTO `user_online` (`active_time`,`user_id`,`addr`) VALUES (1498096902,1,null) [ RunTime:0.001000s ]
ERR: 1048:Column 'addr' cannot be null
 [ SQL语句 ] : INSERT INTO `user_online` (`active_time`,`user_id`,`addr`) VALUES (1498096902,1,null)

[ 2017-06-22T10:04:59+08:00 ] 192.168.0.108 /project/app/v1/home/user/login?mobile=17701804871&passwd=123456
INFO: [ app_init ] --START--
INFO: Run Behavior\BuildLiteBehavior [ RunTime:0.000000s ]
INFO: [ app_init ] --END-- [ RunTime:0.001000s ]
INFO: [ app_begin ] --START--
INFO: Run Behavior\ReadHtmlCacheBehavior [ RunTime:0.001000s ]
INFO: [ app_begin ] --END-- [ RunTime:0.001000s ]

[ 2017-06-22T10:07:42+08:00 ] 192.168.0.108 /project/app/v1/home/user/login?mobile=17701804871&passwd=123456
INFO: [ app_init ] --START--
INFO: Run Behavior\BuildLiteBehavior [ RunTime:0.000000s ]
INFO: [ app_init ] --END-- [ RunTime:0.001000s ]
INFO: [ app_begin ] --START--
INFO: Run Behavior\ReadHtmlCacheBehavior [ RunTime:0.001000s ]
INFO: [ app_begin ] --END-- [ RunTime:0.001000s ]

[ 2017-06-22T10:08:13+08:00 ] 192.168.0.108 /project/app/v1/home/user/login?mobile=17701804871&passwd=123456
INFO: [ app_init ] --START--
INFO: Run Behavior\BuildLiteBehavior [ RunTime:0.000000s ]
INFO: [ app_init ] --END-- [ RunTime:0.001000s ]
INFO: [ app_begin ] --START--
INFO: Run Behavior\ReadHtmlCacheBehavior [ RunTime:0.000000s ]
INFO: [ app_begin ] --END-- [ RunTime:0.001000s ]
NOTIC: [8192] mysql_connect(): The mysql extension is deprecated and will be removed in the future: use mysqli or PDO instead C:\wamp\www\project\app\v1\ThinkPHP\Library\Think\Db\Driver\Mysql.class.php 第 52 行.
SQL: SHOW COLUMNS FROM `user` [ RunTime:0.003000s ]
SQL: SELECT `user_id`,`is_check`,`account`,`nick`,`img`,`email`,`sex`,`passwd` FROM `user` WHERE `account` = '17701804871' LIMIT 1   [ RunTime:0.001000s ]
SQL: SHOW COLUMNS FROM `user_online` [ RunTime:0.003000s ]
SQL: select count(*) as count from user_online WHERE user_id='1' [ RunTime:0.000000s ]

[ 2017-06-22T10:12:07+08:00 ] 192.168.0.108 /project/app/v1/home/user/login?mobile=17701804871&passwd=123456
INFO: [ app_init ] --START--
INFO: Run Behavior\BuildLiteBehavior [ RunTime:0.000000s ]
INFO: [ app_init ] --END-- [ RunTime:0.000000s ]
INFO: [ app_begin ] --START--
INFO: Run Behavior\ReadHtmlCacheBehavior [ RunTime:0.001000s ]
INFO: [ app_begin ] --END-- [ RunTime:0.001000s ]
NOTIC: [8192] mysql_connect(): The mysql extension is deprecated and will be removed in the future: use mysqli or PDO instead C:\wamp\www\project\app\v1\ThinkPHP\Library\Think\Db\Driver\Mysql.class.php 第 52 行.
SQL: SHOW COLUMNS FROM `user` [ RunTime:0.002000s ]
SQL: SELECT `user_id`,`is_check`,`account`,`nick`,`img`,`email`,`sex`,`passwd` FROM `user` WHERE `account` = '17701804871' LIMIT 1   [ RunTime:0.000000s ]
SQL: SHOW COLUMNS FROM `user_online` [ RunTime:0.002000s ]
SQL: select count(*) as count from user_online WHERE user_id='1' [ RunTime:0.000000s ]
SQL: insert into user_online (user_id,addr,active_time) VALUES ('1','1','{NOW_TIME}') [ RunTime:0.038000s ]

[ 2017-06-22T10:13:36+08:00 ] 192.168.0.108 /project/app/v1/home/user/login?mobile=17701804871&passwd=123456
INFO: [ app_init ] --START--
INFO: Run Behavior\BuildLiteBehavior [ RunTime:0.000000s ]
INFO: [ app_init ] --END-- [ RunTime:0.001000s ]
INFO: [ app_begin ] --START--
INFO: Run Behavior\ReadHtmlCacheBehavior [ RunTime:0.000000s ]
INFO: [ app_begin ] --END-- [ RunTime:0.000000s ]
NOTIC: [8192] mysql_connect(): The mysql extension is deprecated and will be removed in the future: use mysqli or PDO instead C:\wamp\www\project\app\v1\ThinkPHP\Library\Think\Db\Driver\Mysql.class.php 第 52 行.
SQL: SHOW COLUMNS FROM `user` [ RunTime:0.003000s ]
SQL: SELECT `user_id`,`is_check`,`account`,`nick`,`img`,`email`,`sex`,`passwd` FROM `user` WHERE `account` = '17701804871' LIMIT 1   [ RunTime:0.001000s ]
SQL: SHOW COLUMNS FROM `user_online` [ RunTime:0.002000s ]
SQL: select count(*) as count from user_online WHERE user_id='1' [ RunTime:0.000000s ]
SQL: update user_online set active_time=1498097616 where user_id=1 [ RunTime:0.049000s ]

[ 2017-06-22T10:13:58+08:00 ] 192.168.0.108 /project/app/v1/home/user/login?mobile=17701804871&passwd=123456
INFO: [ app_init ] --START--
INFO: Run Behavior\BuildLiteBehavior [ RunTime:0.000000s ]
INFO: [ app_init ] --END-- [ RunTime:0.001000s ]
INFO: [ app_begin ] --START--
INFO: Run Behavior\ReadHtmlCacheBehavior [ RunTime:0.000000s ]
INFO: [ app_begin ] --END-- [ RunTime:0.000000s ]
NOTIC: [8192] mysql_connect(): The mysql extension is deprecated and will be removed in the future: use mysqli or PDO instead C:\wamp\www\project\app\v1\ThinkPHP\Library\Think\Db\Driver\Mysql.class.php 第 52 行.
SQL: SHOW COLUMNS FROM `user` [ RunTime:0.003000s ]
SQL: SELECT `user_id`,`is_check`,`account`,`nick`,`img`,`email`,`sex`,`passwd` FROM `user` WHERE `account` = '17701804871' LIMIT 1   [ RunTime:0.001000s ]
SQL: SHOW COLUMNS FROM `user_online` [ RunTime:0.003000s ]
SQL: select count(*) as count from user_online WHERE user_id='1' [ RunTime:0.000000s ]

[ 2017-06-22T10:15:13+08:00 ] 192.168.0.108 /project/app/v1/home/user/login?mobile=17701804871&passwd=123456
INFO: [ app_init ] --START--
INFO: Run Behavior\BuildLiteBehavior [ RunTime:0.000000s ]
INFO: [ app_init ] --END-- [ RunTime:0.000000s ]
INFO: [ app_begin ] --START--
INFO: Run Behavior\ReadHtmlCacheBehavior [ RunTime:0.000000s ]
INFO: [ app_begin ] --END-- [ RunTime:0.000000s ]
NOTIC: [8192] mysql_connect(): The mysql extension is deprecated and will be removed in the future: use mysqli or PDO instead C:\wamp\www\project\app\v1\ThinkPHP\Library\Think\Db\Driver\Mysql.class.php 第 52 行.
SQL: SHOW COLUMNS FROM `user` [ RunTime:0.003000s ]
SQL: SELECT `user_id`,`is_check`,`account`,`nick`,`img`,`email`,`sex`,`passwd` FROM `user` WHERE `account` = '17701804871' LIMIT 1   [ RunTime:0.001000s ]
SQL: SHOW COLUMNS FROM `user_online` [ RunTime:0.003000s ]
SQL: select count(*) as count from user_online WHERE user_id='1' [ RunTime:0.000000s ]
SQL: insert into user_online (user_id,addr,active_time) VALUES ('1','192.168.0.108','1498097713') [ RunTime:0.038000s ]

[ 2017-06-22T10:15:36+08:00 ] 192.168.0.108 /project/app/v1/home/user/login?mobile=17701804871&passwd=123456
INFO: [ app_init ] --START--
INFO: Run Behavior\BuildLiteBehavior [ RunTime:0.000000s ]
INFO: [ app_init ] --END-- [ RunTime:0.000000s ]
INFO: [ app_begin ] --START--
INFO: Run Behavior\ReadHtmlCacheBehavior [ RunTime:0.001000s ]
INFO: [ app_begin ] --END-- [ RunTime:0.001000s ]
NOTIC: [8192] mysql_connect(): The mysql extension is deprecated and will be removed in the future: use mysqli or PDO instead C:\wamp\www\project\app\v1\ThinkPHP\Library\Think\Db\Driver\Mysql.class.php 第 52 行.
SQL: SHOW COLUMNS FROM `user` [ RunTime:0.003000s ]
SQL: SELECT `user_id`,`is_check`,`account`,`nick`,`img`,`email`,`sex`,`passwd` FROM `user` WHERE `account` = '17701804871' LIMIT 1   [ RunTime:0.000000s ]
SQL: SHOW COLUMNS FROM `user_online` [ RunTime:0.002000s ]
SQL: select count(*) as count from user_online WHERE user_id='1' [ RunTime:0.001000s ]
SQL: update user_online set active_time=1498097736 where user_id=1 [ RunTime:0.039000s ]

[ 2017-06-22T10:16:10+08:00 ] 192.168.0.108 /project/app/v1/home/user/login?mobile=17701804871&passwd=123456
INFO: [ app_init ] --START--
INFO: Run Behavior\BuildLiteBehavior [ RunTime:0.000000s ]
INFO: [ app_init ] --END-- [ RunTime:0.000000s ]
INFO: [ app_begin ] --START--
INFO: Run Behavior\ReadHtmlCacheBehavior [ RunTime:0.000000s ]
INFO: [ app_begin ] --END-- [ RunTime:0.000000s ]
NOTIC: [8192] mysql_connect(): The mysql extension is deprecated and will be removed in the future: use mysqli or PDO instead C:\wamp\www\project\app\v1\ThinkPHP\Library\Think\Db\Driver\Mysql.class.php 第 52 行.
SQL: SHOW COLUMNS FROM `user` [ RunTime:0.002000s ]
SQL: SELECT `user_id`,`is_check`,`account`,`nick`,`img`,`email`,`sex`,`passwd` FROM `user` WHERE `account` = '17701804871' LIMIT 1   [ RunTime:0.000000s ]
SQL: SHOW COLUMNS FROM `user_online` [ RunTime:0.003000s ]
SQL: select count(*) as count from user_online WHERE user_id='1' [ RunTime:0.000000s ]
SQL: update user_online set active_time=1498097770 where user_id=1 [ RunTime:0.044000s ]

[ 2017-06-22T10:16:13+08:00 ] 192.168.0.108 /project/app/v1/home/user/login?mobile=17701804871&passwd=123456
INFO: [ app_init ] --START--
INFO: Run Behavior\BuildLiteBehavior [ RunTime:0.000000s ]
INFO: [ app_init ] --END-- [ RunTime:0.000000s ]
INFO: [ app_begin ] --START--
INFO: Run Behavior\ReadHtmlCacheBehavior [ RunTime:0.000000s ]
INFO: [ app_begin ] --END-- [ RunTime:0.000000s ]
NOTIC: [8192] mysql_connect(): The mysql extension is deprecated and will be removed in the future: use mysqli or PDO instead C:\wamp\www\project\app\v1\ThinkPHP\Library\Think\Db\Driver\Mysql.class.php 第 52 行.
SQL: SHOW COLUMNS FROM `user` [ RunTime:0.003000s ]
SQL: SELECT `user_id`,`is_check`,`account`,`nick`,`img`,`email`,`sex`,`passwd` FROM `user` WHERE `account` = '17701804871' LIMIT 1   [ RunTime:0.000000s ]
SQL: SHOW COLUMNS FROM `user_online` [ RunTime:0.003000s ]
SQL: select count(*) as count from user_online WHERE user_id='1' [ RunTime:0.000000s ]
SQL: update user_online set active_time=1498097772 where user_id=1 [ RunTime:0.034000s ]

[ 2017-06-22T10:18:55+08:00 ] 192.168.0.108 /project/app/v1/home/user/login?mobile=17701804871&passwd=123456
INFO: [ app_init ] --START--
INFO: Run Behavior\BuildLiteBehavior [ RunTime:0.000000s ]
INFO: [ app_init ] --END-- [ RunTime:0.001000s ]
INFO: [ app_begin ] --START--
INFO: Run Behavior\ReadHtmlCacheBehavior [ RunTime:0.000000s ]
INFO: [ app_begin ] --END-- [ RunTime:0.000000s ]
NOTIC: [8192] mysql_connect(): The mysql extension is deprecated and will be removed in the future: use mysqli or PDO instead C:\wamp\www\project\app\v1\ThinkPHP\Library\Think\Db\Driver\Mysql.class.php 第 52 行.
SQL: SHOW COLUMNS FROM `user` [ RunTime:0.002000s ]
SQL: SELECT `user_id`,`is_check`,`account`,`nick`,`img`,`email`,`sex`,`passwd` FROM `user` WHERE `account` = '17701804871' LIMIT 1   [ RunTime:0.001000s ]
SQL: SHOW COLUMNS FROM `user_online` [ RunTime:0.003000s ]
SQL: select count(*) as count from user_online WHERE user_id='1' [ RunTime:0.000000s ]
SQL: update user_online set active_time=1498097935 where user_id=1 [ RunTime:0.052000s ]

[ 2017-06-22T10:32:06+08:00 ] 192.168.0.108 /project/app/v1/home/user/logout
INFO: [ app_init ] --START--
INFO: Run Behavior\BuildLiteBehavior [ RunTime:0.000000s ]
INFO: [ app_init ] --END-- [ RunTime:0.000000s ]
INFO: [ app_begin ] --START--
INFO: Run Behavior\ReadHtmlCacheBehavior [ RunTime:0.001000s ]
INFO: [ app_begin ] --END-- [ RunTime:0.001000s ]

[ 2017-06-22T13:41:55+08:00 ] 192.168.0.112 /project/app/v1/home/user/reg
INFO: [ app_init ] --START--
INFO: Run Behavior\BuildLiteBehavior [ RunTime:0.000000s ]
INFO: [ app_init ] --END-- [ RunTime:0.001000s ]
INFO: [ app_begin ] --START--
INFO: Run Behavior\ReadHtmlCacheBehavior [ RunTime:0.001000s ]
INFO: [ app_begin ] --END-- [ RunTime:0.002000s ]
NOTIC: [8] Undefined index: sex C:\wamp\www\project\app\v1\Application\Home\Controller\UserController.class.php 第 95 行.

[ 2017-06-22T13:42:14+08:00 ] 192.168.0.112 /project/app/v1/home/user/reg
INFO: [ app_init ] --START--
INFO: Run Behavior\BuildLiteBehavior [ RunTime:0.000000s ]
INFO: [ app_init ] --END-- [ RunTime:0.001000s ]
INFO: [ app_begin ] --START--
INFO: Run Behavior\ReadHtmlCacheBehavior [ RunTime:0.001000s ]
INFO: [ app_begin ] --END-- [ RunTime:0.001000s ]
NOTIC: [8] Undefined index: sex C:\wamp\www\project\app\v1\Application\Home\Controller\UserController.class.php 第 95 行.

[ 2017-06-22T13:47:37+08:00 ] 192.168.0.112 /project/app/v1/home/user/login
INFO: [ app_init ] --START--
INFO: Run Behavior\BuildLiteBehavior [ RunTime:0.000000s ]
INFO: [ app_init ] --END-- [ RunTime:0.001000s ]
INFO: [ app_begin ] --START--
INFO: Run Behavior\ReadHtmlCacheBehavior [ RunTime:0.001000s ]
INFO: [ app_begin ] --END-- [ RunTime:0.001000s ]
NOTIC: [8192] mysql_connect(): The mysql extension is deprecated and will be removed in the future: use mysqli or PDO instead C:\wamp\www\project\app\v1\ThinkPHP\Library\Think\Db\Driver\Mysql.class.php 第 52 行.
SQL: SHOW COLUMNS FROM `user` [ RunTime:0.004000s ]
SQL: SELECT `user_id`,`is_check`,`account`,`nick`,`img`,`email`,`sex`,`passwd` FROM `user` WHERE `account` = '18600000000' LIMIT 1   [ RunTime:0.000000s ]
SQL: SHOW COLUMNS FROM `user_online` [ RunTime:0.003000s ]
SQL: select count(*) as count from user_online WHERE user_id='15' [ RunTime:0.000000s ]
SQL: update user_online set active_time=1498110457 where user_id=15 [ RunTime:0.024000s ]

[ 2017-06-22T14:07:32+08:00 ] 192.168.0.112 /project/app/v1/home/user/login
INFO: [ app_init ] --START--
INFO: Run Behavior\BuildLiteBehavior [ RunTime:0.000000s ]
INFO: [ app_init ] --END-- [ RunTime:0.001000s ]
INFO: [ app_begin ] --START--
INFO: Run Behavior\ReadHtmlCacheBehavior [ RunTime:0.002000s ]
INFO: [ app_begin ] --END-- [ RunTime:0.002000s ]
NOTIC: [8192] mysql_connect(): The mysql extension is deprecated and will be removed in the future: use mysqli or PDO instead C:\wamp\www\project\app\v1\ThinkPHP\Library\Think\Db\Driver\Mysql.class.php 第 52 行.
SQL: SHOW COLUMNS FROM `user` [ RunTime:0.003000s ]
SQL: SELECT `user_id`,`is_check`,`account`,`nick`,`img`,`email`,`sex`,`passwd` FROM `user` WHERE `account` = '18600000000' LIMIT 1   [ RunTime:0.000000s ]
SQL: SHOW COLUMNS FROM `user_online` [ RunTime:0.002000s ]
SQL: select count(*) as count from user_online WHERE user_id='15' [ RunTime:0.000000s ]
SQL: update user_online set active_time=1498111652 where user_id=15 [ RunTime:0.045000s ]

[ 2017-06-22T14:10:28+08:00 ] 192.168.0.112 /project/app/v1/home/user/login
INFO: [ app_init ] --START--
INFO: Run Behavior\BuildLiteBehavior [ RunTime:0.000000s ]
INFO: [ app_init ] --END-- [ RunTime:0.001000s ]
INFO: [ app_begin ] --START--
INFO: Run Behavior\ReadHtmlCacheBehavior [ RunTime:0.001000s ]
INFO: [ app_begin ] --END-- [ RunTime:0.001000s ]
NOTIC: [8192] mysql_connect(): The mysql extension is deprecated and will be removed in the future: use mysqli or PDO instead C:\wamp\www\project\app\v1\ThinkPHP\Library\Think\Db\Driver\Mysql.class.php 第 52 行.
SQL: SHOW COLUMNS FROM `user` [ RunTime:0.006000s ]
SQL: SELECT `user_id`,`is_check`,`account`,`nick`,`img`,`email`,`sex`,`passwd` FROM `user` WHERE `account` = '18600000000' LIMIT 1   [ RunTime:0.000000s ]
SQL: SHOW COLUMNS FROM `user_online` [ RunTime:0.004000s ]
SQL: select count(*) as count from user_online WHERE user_id='15' [ RunTime:0.000000s ]
SQL: update user_online set active_time=1498111828 where user_id=15 [ RunTime:0.024000s ]

[ 2017-06-22T14:40:55+08:00 ] 192.168.0.112 /project/app/v1/home/user/login
INFO: [ app_init ] --START--
INFO: Run Behavior\BuildLiteBehavior [ RunTime:0.000000s ]
INFO: [ app_init ] --END-- [ RunTime:0.002000s ]
INFO: [ app_begin ] --START--
INFO: Run Behavior\ReadHtmlCacheBehavior [ RunTime:0.001000s ]
INFO: [ app_begin ] --END-- [ RunTime:0.001000s ]
NOTIC: [8192] mysql_connect(): The mysql extension is deprecated and will be removed in the future: use mysqli or PDO instead C:\wamp\www\project\app\v1\ThinkPHP\Library\Think\Db\Driver\Mysql.class.php 第 52 行.
SQL: SHOW COLUMNS FROM `user` [ RunTime:0.005000s ]
SQL: SELECT `user_id`,`is_check`,`account`,`nick`,`img`,`email`,`sex`,`passwd` FROM `user` WHERE `account` = '18600000000' LIMIT 1   [ RunTime:0.001000s ]
SQL: SHOW COLUMNS FROM `user_online` [ RunTime:0.003000s ]
SQL: select count(*) as count from user_online WHERE user_id='15' [ RunTime:0.000000s ]
SQL: update user_online set active_time=1498113655 where user_id=15 [ RunTime:0.025000s ]

[ 2017-06-22T17:31:21+08:00 ] 192.168.0.112 /project/app/v1/home/user/CheckCode?type=1&checkcode=&mobile=
INFO: [ app_init ] --START--
INFO: Run Behavior\BuildLiteBehavior [ RunTime:0.000000s ]
INFO: [ app_init ] --END-- [ RunTime:0.002000s ]
INFO: [ app_begin ] --START--
INFO: Run Behavior\ReadHtmlCacheBehavior [ RunTime:0.002000s ]
INFO: [ app_begin ] --END-- [ RunTime:0.002000s ]

