[ 2017-06-18T23:41:34+08:00 ] ::1 /project/admin/index/index
INFO: [ app_init ] --START--
INFO: Run Behavior\BuildLiteBehavior [ RunTime:0.000063s ]
INFO: [ app_init ] --END-- [ RunTime:0.017039s ]
INFO: [ app_begin ] --START--
INFO: Run Behavior\ReadHtmlCacheBehavior [ RunTime:0.030547s ]
INFO: [ app_begin ] --END-- [ RunTime:0.030788s ]
INFO: [ view_parse ] --START--
INFO: [ template_filter ] --START--
INFO: Run Behavior\ContentReplaceBehavior [ RunTime:0.000181s ]
INFO: [ template_filter ] --END-- [ RunTime:0.000358s ]
NOTIC: [8] Use of undefined constant SITE_VERSION - assumed 'SITE_VERSION' C:\wamp\www\project\Application\Runtime\Cache\Admin\4947e61abf53df760f89598fbc8f8561.php 第 6 行.
NOTIC: [8] Use of undefined constant SITE_VERSION - assumed 'SITE_VERSION' C:\wamp\www\project\Application\Runtime\Cache\Admin\4947e61abf53df760f89598fbc8f8561.php 第 7 行.
NOTIC: [8] Undefined variable: error_info C:\wamp\www\project\Application\Runtime\Cache\Admin\4947e61abf53df760f89598fbc8f8561.php 第 57 行.
INFO: Run Behavior\ParseTemplateBehavior [ RunTime:0.189174s ]
INFO: [ view_parse ] --END-- [ RunTime:0.189347s ]
INFO: [ view_filter ] --START--
INFO: Run Behavior\WriteHtmlCacheBehavior [ RunTime:0.024147s ]
INFO: [ view_filter ] --END-- [ RunTime:0.024322s ]
INFO: [ app_end ] --START--
INFO: Run Behavior\ShowPageTraceBehavior [ RunTime:0.012542s ]
INFO: [ app_end ] --END-- [ RunTime:0.012718s ]

[ 2017-06-18T23:41:37+08:00 ] ::1 /project/Admin/Index/login.html
INFO: [ app_init ] --START--
INFO: Run Behavior\BuildLiteBehavior [ RunTime:0.000060s ]
INFO: [ app_init ] --END-- [ RunTime:0.000974s ]
INFO: [ app_begin ] --START--
INFO: Run Behavior\ReadHtmlCacheBehavior [ RunTime:0.001327s ]
INFO: [ app_begin ] --END-- [ RunTime:0.001618s ]
NOTIC: [2] Missing argument 4 for Admin\Model\UserHandleModel::__construct(), called in C:\wamp\www\project\Application\Admin\Model\UserHandleModel.class.php on line 29 and defined C:\wamp\www\project\Application\Admin\Model\UserHandleModel.class.php 第 20 行.
NOTIC: [2] Missing argument 5 for Admin\Model\UserHandleModel::__construct(), called in C:\wamp\www\project\Application\Admin\Model\UserHandleModel.class.php on line 29 and defined C:\wamp\www\project\Application\Admin\Model\UserHandleModel.class.php 第 20 行.
NOTIC: [8192] mysql_connect(): The mysql extension is deprecated and will be removed in the future: use mysqli or PDO instead C:\wamp\www\project\ThinkPHP\Library\Think\Db\Driver\Mysql.class.php 第 52 行.
SQL: SHOW COLUMNS FROM `924813admin` [ RunTime:0.009090s ]
ERR: 1146:Table 'sport.924813admin' doesn't exist
 [ SQL语句 ] : SHOW COLUMNS FROM `924813admin`
NOTIC: [8] Undefined variable: account C:\wamp\www\project\Application\Admin\Model\UserHandleModel.class.php 第 23 行.
NOTIC: [8] Undefined variable: passwd C:\wamp\www\project\Application\Admin\Model\UserHandleModel.class.php 第 23 行.
SQL: SHOW COLUMNS FROM `admin` [ RunTime:0.015563s ]
SQL: SELECT `name`,`passwd` FROM `admin` WHERE `account` = null LIMIT 1   [ RunTime:0.000388s ]

[ 2017-06-18T23:43:47+08:00 ] ::1 /project/Admin/Index/login.html
INFO: [ app_init ] --START--
INFO: Run Behavior\BuildLiteBehavior [ RunTime:0.000070s ]
INFO: [ app_init ] --END-- [ RunTime:0.000817s ]
INFO: [ app_begin ] --START--
INFO: Run Behavior\ReadHtmlCacheBehavior [ RunTime:0.001272s ]
INFO: [ app_begin ] --END-- [ RunTime:0.001470s ]
NOTIC: [2] Missing argument 4 for Admin\Model\UserHandleModel::__construct(), called in C:\wamp\www\project\Application\Admin\Model\UserHandleModel.class.php on line 29 and defined C:\wamp\www\project\Application\Admin\Model\UserHandleModel.class.php 第 20 行.
NOTIC: [2] Missing argument 5 for Admin\Model\UserHandleModel::__construct(), called in C:\wamp\www\project\Application\Admin\Model\UserHandleModel.class.php on line 29 and defined C:\wamp\www\project\Application\Admin\Model\UserHandleModel.class.php 第 20 行.
NOTIC: [8192] mysql_connect(): The mysql extension is deprecated and will be removed in the future: use mysqli or PDO instead C:\wamp\www\project\ThinkPHP\Library\Think\Db\Driver\Mysql.class.php 第 52 行.
SQL: SHOW COLUMNS FROM `924813admin` [ RunTime:0.010061s ]
ERR: 1146:Table 'sport.924813admin' doesn't exist
 [ SQL语句 ] : SHOW COLUMNS FROM `924813admin`
NOTIC: [8] Undefined variable: account C:\wamp\www\project\Application\Admin\Model\UserHandleModel.class.php 第 23 行.
NOTIC: [8] Undefined variable: passwd C:\wamp\www\project\Application\Admin\Model\UserHandleModel.class.php 第 23 行.
SQL: SHOW COLUMNS FROM `admin` [ RunTime:0.010981s ]
SQL: SELECT `name`,`passwd` FROM `admin` WHERE `account` = null LIMIT 1   [ RunTime:0.000390s ]
SQL: SHOW COLUMNS FROM `admin` [ RunTime:0.006957s ]
SQL: SELECT `name`,`passwd` FROM `admin` WHERE `account` = '17701804871' LIMIT 1   [ RunTime:0.000366s ]
INFO: [ view_parse ] --START--
INFO: [ template_filter ] --START--
INFO: Run Behavior\ContentReplaceBehavior [ RunTime:0.000901s ]
INFO: [ template_filter ] --END-- [ RunTime:0.001204s ]
INFO: Run Behavior\ParseTemplateBehavior [ RunTime:0.116867s ]
INFO: [ view_parse ] --END-- [ RunTime:0.117119s ]
INFO: [ view_filter ] --START--
INFO: Run Behavior\WriteHtmlCacheBehavior [ RunTime:0.001832s ]
INFO: [ view_filter ] --END-- [ RunTime:0.002107s ]
INFO: [ app_end ] --START--
INFO: Run Behavior\ShowPageTraceBehavior [ RunTime:0.003766s ]
INFO: [ app_end ] --END-- [ RunTime:0.004289s ]

[ 2017-06-18T23:44:34+08:00 ] ::1 /project/admin/index/index
INFO: [ app_init ] --START--
INFO: Run Behavior\BuildLiteBehavior [ RunTime:0.000038s ]
INFO: [ app_init ] --END-- [ RunTime:0.000720s ]
INFO: [ app_begin ] --START--
INFO: Run Behavior\ReadHtmlCacheBehavior [ RunTime:0.001060s ]
INFO: [ app_begin ] --END-- [ RunTime:0.001260s ]
INFO: [ view_parse ] --START--
INFO: [ template_filter ] --START--
INFO: Run Behavior\ContentReplaceBehavior [ RunTime:0.000181s ]
INFO: [ template_filter ] --END-- [ RunTime:0.000353s ]
NOTIC: [8] Use of undefined constant SITE_VERSION - assumed 'SITE_VERSION' C:\wamp\www\project\Application\Runtime\Cache\Admin\4947e61abf53df760f89598fbc8f8561.php 第 6 行.
NOTIC: [8] Use of undefined constant SITE_VERSION - assumed 'SITE_VERSION' C:\wamp\www\project\Application\Runtime\Cache\Admin\4947e61abf53df760f89598fbc8f8561.php 第 7 行.
NOTIC: [8] Undefined variable: error_info C:\wamp\www\project\Application\Runtime\Cache\Admin\4947e61abf53df760f89598fbc8f8561.php 第 57 行.
INFO: Run Behavior\ParseTemplateBehavior [ RunTime:0.012206s ]
INFO: [ view_parse ] --END-- [ RunTime:0.012395s ]
INFO: [ view_filter ] --START--
INFO: Run Behavior\WriteHtmlCacheBehavior [ RunTime:0.000832s ]
INFO: [ view_filter ] --END-- [ RunTime:0.001006s ]
INFO: [ app_end ] --START--
INFO: Run Behavior\ShowPageTraceBehavior [ RunTime:0.001111s ]
INFO: [ app_end ] --END-- [ RunTime:0.001279s ]

[ 2017-06-18T23:44:36+08:00 ] ::1 /project/Admin/Index/login.html
INFO: [ app_init ] --START--
INFO: Run Behavior\BuildLiteBehavior [ RunTime:0.000036s ]
INFO: [ app_init ] --END-- [ RunTime:0.000701s ]
INFO: [ app_begin ] --START--
INFO: Run Behavior\ReadHtmlCacheBehavior [ RunTime:0.001054s ]
INFO: [ app_begin ] --END-- [ RunTime:0.001237s ]
NOTIC: [2] Missing argument 4 for Admin\Model\UserHandleModel::__construct(), called in C:\wamp\www\project\Application\Admin\Model\UserHandleModel.class.php on line 29 and defined C:\wamp\www\project\Application\Admin\Model\UserHandleModel.class.php 第 20 行.
NOTIC: [2] Missing argument 5 for Admin\Model\UserHandleModel::__construct(), called in C:\wamp\www\project\Application\Admin\Model\UserHandleModel.class.php on line 29 and defined C:\wamp\www\project\Application\Admin\Model\UserHandleModel.class.php 第 20 行.
NOTIC: [8192] mysql_connect(): The mysql extension is deprecated and will be removed in the future: use mysqli or PDO instead C:\wamp\www\project\ThinkPHP\Library\Think\Db\Driver\Mysql.class.php 第 52 行.
SQL: SHOW COLUMNS FROM `924813admin` [ RunTime:0.009371s ]
ERR: 1146:Table 'sport.924813admin' doesn't exist
 [ SQL语句 ] : SHOW COLUMNS FROM `924813admin`
NOTIC: [8] Undefined variable: account C:\wamp\www\project\Application\Admin\Model\UserHandleModel.class.php 第 23 行.
NOTIC: [8] Undefined variable: passwd C:\wamp\www\project\Application\Admin\Model\UserHandleModel.class.php 第 23 行.
SQL: SELECT `name`,`passwd` FROM `924813admin` WHERE `account` = null LIMIT 1   [ RunTime:0.000514s ]
ERR: 1146:Table 'sport.924813admin' doesn't exist
 [ SQL语句 ] : SELECT `name`,`passwd` FROM `924813admin` WHERE `account` = null LIMIT 1  
SQL: SELECT `name`,`passwd` FROM `924813admin` WHERE `account` = '17701804871' LIMIT 1   [ RunTime:0.000476s ]
ERR: 1146:Table 'sport.924813admin' doesn't exist
 [ SQL语句 ] : SELECT `name`,`passwd` FROM `924813admin` WHERE `account` = '17701804871' LIMIT 1  
INFO: [ view_parse ] --START--
INFO: [ template_filter ] --START--
INFO: Run Behavior\ContentReplaceBehavior [ RunTime:0.000180s ]
INFO: [ template_filter ] --END-- [ RunTime:0.000350s ]
NOTIC: [8] Use of undefined constant SITE_VERSION - assumed 'SITE_VERSION' C:\wamp\www\project\Application\Runtime\Cache\Admin\4947e61abf53df760f89598fbc8f8561.php 第 6 行.
NOTIC: [8] Use of undefined constant SITE_VERSION - assumed 'SITE_VERSION' C:\wamp\www\project\Application\Runtime\Cache\Admin\4947e61abf53df760f89598fbc8f8561.php 第 7 行.
INFO: Run Behavior\ParseTemplateBehavior [ RunTime:0.012466s ]
INFO: [ view_parse ] --END-- [ RunTime:0.012656s ]
INFO: [ view_filter ] --START--
INFO: Run Behavior\WriteHtmlCacheBehavior [ RunTime:0.000811s ]
INFO: [ view_filter ] --END-- [ RunTime:0.000983s ]
INFO: [ app_end ] --START--
INFO: Run Behavior\ShowPageTraceBehavior [ RunTime:0.001065s ]
INFO: [ app_end ] --END-- [ RunTime:0.001230s ]

[ 2017-06-18T23:45:00+08:00 ] ::1 /project/Admin/Index/login.html
INFO: [ app_init ] --START--
INFO: Run Behavior\BuildLiteBehavior [ RunTime:0.000040s ]
INFO: [ app_init ] --END-- [ RunTime:0.000780s ]
INFO: [ app_begin ] --START--
INFO: Run Behavior\ReadHtmlCacheBehavior [ RunTime:0.001247s ]
INFO: [ app_begin ] --END-- [ RunTime:0.001442s ]
NOTIC: [2] Missing argument 4 for Admin\Model\UserHandleModel::__construct(), called in C:\wamp\www\project\Application\Admin\Model\UserHandleModel.class.php on line 29 and defined C:\wamp\www\project\Application\Admin\Model\UserHandleModel.class.php 第 20 行.
NOTIC: [2] Missing argument 5 for Admin\Model\UserHandleModel::__construct(), called in C:\wamp\www\project\Application\Admin\Model\UserHandleModel.class.php on line 29 and defined C:\wamp\www\project\Application\Admin\Model\UserHandleModel.class.php 第 20 行.
NOTIC: [8192] mysql_connect(): The mysql extension is deprecated and will be removed in the future: use mysqli or PDO instead C:\wamp\www\project\ThinkPHP\Library\Think\Db\Driver\Mysql.class.php 第 52 行.
SQL: SHOW COLUMNS FROM `924813admin` [ RunTime:0.009205s ]
ERR: 1146:Table 'sport.924813admin' doesn't exist
 [ SQL语句 ] : SHOW COLUMNS FROM `924813admin`
NOTIC: [8] Undefined variable: account C:\wamp\www\project\Application\Admin\Model\UserHandleModel.class.php 第 23 行.
NOTIC: [8] Undefined variable: passwd C:\wamp\www\project\Application\Admin\Model\UserHandleModel.class.php 第 23 行.
SQL: SELECT `name`,`passwd` FROM `924813admin` WHERE `account` = null LIMIT 1   [ RunTime:0.000514s ]
ERR: 1146:Table 'sport.924813admin' doesn't exist
 [ SQL语句 ] : SELECT `name`,`passwd` FROM `924813admin` WHERE `account` = null LIMIT 1  

[ 2017-06-18T23:46:11+08:00 ] ::1 /project/Admin/Index/login.html
INFO: [ app_init ] --START--
INFO: Run Behavior\BuildLiteBehavior [ RunTime:0.000041s ]
INFO: [ app_init ] --END-- [ RunTime:0.000784s ]
INFO: [ app_begin ] --START--
INFO: Run Behavior\ReadHtmlCacheBehavior [ RunTime:0.001321s ]
INFO: [ app_begin ] --END-- [ RunTime:0.001524s ]
NOTIC: [2] Missing argument 4 for Admin\Model\UserHandleModel::__construct(), called in C:\wamp\www\project\Application\Admin\Model\UserHandleModel.class.php on line 29 and defined C:\wamp\www\project\Application\Admin\Model\UserHandleModel.class.php 第 20 行.
NOTIC: [2] Missing argument 5 for Admin\Model\UserHandleModel::__construct(), called in C:\wamp\www\project\Application\Admin\Model\UserHandleModel.class.php on line 29 and defined C:\wamp\www\project\Application\Admin\Model\UserHandleModel.class.php 第 20 行.
NOTIC: [8192] mysql_connect(): The mysql extension is deprecated and will be removed in the future: use mysqli or PDO instead C:\wamp\www\project\ThinkPHP\Library\Think\Db\Driver\Mysql.class.php 第 52 行.
SQL: SHOW COLUMNS FROM `924813admin` [ RunTime:0.009960s ]
ERR: 1146:Table 'sport.924813admin' doesn't exist
 [ SQL语句 ] : SHOW COLUMNS FROM `924813admin`
NOTIC: [8] Undefined variable: account C:\wamp\www\project\Application\Admin\Model\UserHandleModel.class.php 第 23 行.
NOTIC: [8] Undefined variable: passwd C:\wamp\www\project\Application\Admin\Model\UserHandleModel.class.php 第 23 行.
SQL: SHOW COLUMNS FROM `admin` [ RunTime:0.025092s ]
SQL: SELECT `name`,`passwd` FROM `admin` WHERE `account` = null LIMIT 1   [ RunTime:0.000613s ]
SQL: SHOW COLUMNS FROM `admin` [ RunTime:0.012104s ]
SQL: SELECT `name`,`passwd` FROM `admin` WHERE `account` = '17701804871' LIMIT 1   [ RunTime:0.000808s ]
INFO: [ view_parse ] --START--
INFO: [ template_filter ] --START--
INFO: Run Behavior\ContentReplaceBehavior [ RunTime:0.001056s ]
INFO: [ template_filter ] --END-- [ RunTime:0.001430s ]
INFO: Run Behavior\ParseTemplateBehavior [ RunTime:0.061686s ]
INFO: [ view_parse ] --END-- [ RunTime:0.061959s ]
INFO: [ view_filter ] --START--
INFO: Run Behavior\WriteHtmlCacheBehavior [ RunTime:0.001904s ]
INFO: [ view_filter ] --END-- [ RunTime:0.002165s ]
INFO: [ app_end ] --START--
INFO: Run Behavior\ShowPageTraceBehavior [ RunTime:0.003634s ]
INFO: [ app_end ] --END-- [ RunTime:0.004120s ]

[ 2017-06-18T23:46:22+08:00 ] ::1 /project/Admin/Index/login.html
INFO: [ app_init ] --START--
INFO: Run Behavior\BuildLiteBehavior [ RunTime:0.000040s ]
INFO: [ app_init ] --END-- [ RunTime:0.000650s ]
INFO: [ app_begin ] --START--
INFO: Run Behavior\ReadHtmlCacheBehavior [ RunTime:0.001433s ]
INFO: [ app_begin ] --END-- [ RunTime:0.001629s ]
NOTIC: [2] Missing argument 4 for Admin\Model\UserHandleModel::__construct(), called in C:\wamp\www\project\Application\Admin\Model\UserHandleModel.class.php on line 30 and defined C:\wamp\www\project\Application\Admin\Model\UserHandleModel.class.php 第 20 行.
NOTIC: [2] Missing argument 5 for Admin\Model\UserHandleModel::__construct(), called in C:\wamp\www\project\Application\Admin\Model\UserHandleModel.class.php on line 30 and defined C:\wamp\www\project\Application\Admin\Model\UserHandleModel.class.php 第 20 行.
NOTIC: [8192] mysql_connect(): The mysql extension is deprecated and will be removed in the future: use mysqli or PDO instead C:\wamp\www\project\ThinkPHP\Library\Think\Db\Driver\Mysql.class.php 第 52 行.
SQL: SHOW COLUMNS FROM `111222agent` [ RunTime:0.022438s ]
ERR: 1146:Table 'sport.111222agent' doesn't exist
 [ SQL语句 ] : SHOW COLUMNS FROM `111222agent`
NOTIC: [8] Undefined variable: account C:\wamp\www\project\Application\Admin\Model\UserHandleModel.class.php 第 23 行.
NOTIC: [8] Undefined variable: passwd C:\wamp\www\project\Application\Admin\Model\UserHandleModel.class.php 第 23 行.
SQL: SHOW COLUMNS FROM `agent` [ RunTime:0.015028s ]
SQL: SELECT `name`,`passwd` FROM `agent` WHERE `account` = null LIMIT 1   [ RunTime:0.000417s ]
SQL: SHOW COLUMNS FROM `agent` [ RunTime:0.007026s ]
SQL: SELECT `name`,`passwd` FROM `agent` WHERE `account` = '111' LIMIT 1   [ RunTime:0.000371s ]
INFO: [ view_parse ] --START--
INFO: [ template_filter ] --START--
INFO: Run Behavior\ContentReplaceBehavior [ RunTime:0.000528s ]
INFO: [ template_filter ] --END-- [ RunTime:0.000711s ]
INFO: Run Behavior\ParseTemplateBehavior [ RunTime:0.040382s ]
INFO: [ view_parse ] --END-- [ RunTime:0.040573s ]
INFO: [ view_filter ] --START--
INFO: Run Behavior\WriteHtmlCacheBehavior [ RunTime:0.000569s ]
INFO: [ view_filter ] --END-- [ RunTime:0.000729s ]
INFO: [ app_end ] --START--
INFO: Run Behavior\ShowPageTraceBehavior [ RunTime:0.001279s ]
INFO: [ app_end ] --END-- [ RunTime:0.001522s ]

[ 2017-06-18T23:48:06+08:00 ] ::1 /project/Admin/Index/login.html
INFO: [ app_init ] --START--
INFO: Run Behavior\BuildLiteBehavior [ RunTime:0.000037s ]
INFO: [ app_init ] --END-- [ RunTime:0.000667s ]
INFO: [ app_begin ] --START--
INFO: Run Behavior\ReadHtmlCacheBehavior [ RunTime:0.000724s ]
INFO: [ app_begin ] --END-- [ RunTime:0.000905s ]
NOTIC: [8192] mysql_connect(): The mysql extension is deprecated and will be removed in the future: use mysqli or PDO instead C:\wamp\www\project\ThinkPHP\Library\Think\Db\Driver\Mysql.class.php 第 52 行.
SQL: SHOW COLUMNS FROM `agent` [ RunTime:0.015383s ]
SQL: SHOW COLUMNS FROM `agent` [ RunTime:0.007018s ]
SQL: SELECT `name`,`passwd` FROM `agent` WHERE `account` = '17701804871' LIMIT 1   [ RunTime:0.000435s ]
INFO: [ view_parse ] --START--
INFO: [ template_filter ] --START--
INFO: Run Behavior\ContentReplaceBehavior [ RunTime:0.000181s ]
INFO: [ template_filter ] --END-- [ RunTime:0.000357s ]
NOTIC: [8] Use of undefined constant SITE_VERSION - assumed 'SITE_VERSION' C:\wamp\www\project\Application\Runtime\Cache\Admin\4947e61abf53df760f89598fbc8f8561.php 第 6 行.
NOTIC: [8] Use of undefined constant SITE_VERSION - assumed 'SITE_VERSION' C:\wamp\www\project\Application\Runtime\Cache\Admin\4947e61abf53df760f89598fbc8f8561.php 第 7 行.
INFO: Run Behavior\ParseTemplateBehavior [ RunTime:0.011292s ]
INFO: [ view_parse ] --END-- [ RunTime:0.011478s ]
INFO: [ view_filter ] --START--
INFO: Run Behavior\WriteHtmlCacheBehavior [ RunTime:0.000406s ]
INFO: [ view_filter ] --END-- [ RunTime:0.000569s ]
INFO: [ app_end ] --START--
INFO: Run Behavior\ShowPageTraceBehavior [ RunTime:0.000865s ]
INFO: [ app_end ] --END-- [ RunTime:0.001034s ]

[ 2017-06-18T23:48:09+08:00 ] ::1 /project/Admin/Index/login.html
INFO: [ app_init ] --START--
INFO: Run Behavior\BuildLiteBehavior [ RunTime:0.000036s ]
INFO: [ app_init ] --END-- [ RunTime:0.000704s ]
INFO: [ app_begin ] --START--
INFO: Run Behavior\ReadHtmlCacheBehavior [ RunTime:0.001040s ]
INFO: [ app_begin ] --END-- [ RunTime:0.001222s ]
NOTIC: [8192] mysql_connect(): The mysql extension is deprecated and will be removed in the future: use mysqli or PDO instead C:\wamp\www\project\ThinkPHP\Library\Think\Db\Driver\Mysql.class.php 第 52 行.
SQL: SHOW COLUMNS FROM `admin` [ RunTime:0.015292s ]
SQL: SHOW COLUMNS FROM `admin` [ RunTime:0.006449s ]
SQL: SELECT `name`,`passwd` FROM `admin` WHERE `account` = '17701804871' LIMIT 1   [ RunTime:0.000453s ]
INFO: [ view_parse ] --START--
INFO: [ template_filter ] --START--
INFO: Run Behavior\ContentReplaceBehavior [ RunTime:0.000532s ]
INFO: [ template_filter ] --END-- [ RunTime:0.000705s ]
INFO: Run Behavior\ParseTemplateBehavior [ RunTime:0.054767s ]
INFO: [ view_parse ] --END-- [ RunTime:0.054988s ]
INFO: [ view_filter ] --START--
INFO: Run Behavior\WriteHtmlCacheBehavior [ RunTime:0.000938s ]
INFO: [ view_filter ] --END-- [ RunTime:0.001139s ]
INFO: [ app_end ] --START--
INFO: Run Behavior\ShowPageTraceBehavior [ RunTime:0.001744s ]
INFO: [ app_end ] --END-- [ RunTime:0.001991s ]

